<?xml version="1.0" encoding="UTF-8"?>
<!-- Generated by org.testng.reporters.JUnitReportReporter -->
<testsuite skipped="0" hostname="Chaitanya-qa" name="myPackage.Admin5UserReportWebTable" tests="1" failures="0" timestamp="20 Jan 2018 13:10:19 GMT" time="165.774" errors="0">
  <testcase name="userReportDownload" time="165.774" classname="myPackage.Admin5UserReportWebTable"/>
</testsuite> <!-- myPackage.Admin5UserReportWebTable -->
