<?xml version="1.0" encoding="UTF-8"?>
<!-- Generated by org.testng.reporters.JUnitReportReporter -->
<testsuite skipped="0" hostname="Chaitanya-qa" name="myPackage.BrokenPages" tests="1" failures="0" timestamp="16 Feb 2018 05:19:58 GMT" time="42.548" errors="0">
  <testcase name="userReportDownload" time="42.548" classname="myPackage.BrokenPages"/>
</testsuite> <!-- myPackage.BrokenPages -->
