<?xml version="1.0" encoding="UTF-8"?>
<!-- Generated by org.testng.reporters.JUnitReportReporter -->
<testsuite skipped="0" hostname="Chaitanya-qa" name="testNG.DataProviderTest" tests="2" failures="0" timestamp="16 Mar 2018 07:54:23 GMT" time="77.385" errors="0">
  <testcase name="test" time="44.423" classname="testNG.DataProviderTest"/>
  <testcase name="test" time="32.962" classname="testNG.DataProviderTest"/>
</testsuite> <!-- testNG.DataProviderTest -->
