<?xml version="1.0" encoding="UTF-8"?>
<!-- Generated by org.testng.reporters.JUnitReportReporter -->
<testsuite skipped="0" hostname="Chaitanya-qa" name="myPackage.Provisionform" tests="1" failures="0" timestamp="09 Feb 2018 09:19:33 GMT" time="29.606" errors="0">
  <testcase name="csdTest" time="29.606" classname="myPackage.Provisionform"/>
</testsuite> <!-- myPackage.Provisionform -->
