<?xml version="1.0" encoding="UTF-8"?>
<!-- Generated by org.testng.reporters.JUnitReportReporter -->
<testsuite skipped="0" hostname="Chaitanya-qa" name="myPackage.Partner_Login" tests="1" failures="0" timestamp="07 Sep 2017 13:18:48 GMT" time="25.080" errors="0">
  <testcase name="Login" time="25.080" classname="myPackage.Partner_Login"/>
</testsuite> <!-- myPackage.Partner_Login -->
