<?xml version="1.0" encoding="UTF-8"?>
<!-- Generated by org.testng.reporters.JUnitReportReporter -->
<testsuite skipped="0" hostname="Chaitanya-qa" name="myPackage.PrintingUserCDRReportdataGr" tests="1" failures="0" timestamp="23 Jan 2018 13:38:38 GMT" time="257.261" errors="0">
  <testcase name="userReportDownload" time="257.261" classname="myPackage.PrintingUserCDRReportdataGr"/>
</testsuite> <!-- myPackage.PrintingUserCDRReportdataGr -->
